<?xml version="1.0" encoding="UTF-8"?>
<testsuite xmlns:xsi="http://www.w3.org/2001/XMLSchema-instance" xsi:noNamespaceSchemaLocation="https://maven.apache.org/surefire/maven-surefire-plugin/xsd/surefire-test-report-3.0.xsd" version="3.0" name="conduitApp.ConduitTest" time="6.775" tests="2" errors="0" skipped="0" failures="0">
  <properties>
[...]
</properties>
  <testcase name="[1:12] Create a new article" classname="conduitApp/feature/Articles" time="1.977">
    <system-out><![CDATA[03:08:49.760 [main] INFO  com.intuit.karate.Runner - using system property 'karate.options': --tags @debug
03:08:49.973 [main] DEBUG com.intuit.karate.Suite - [config] classpath:karate-config.js
03:08:50.514 [main] INFO  com.intuit.karate - karate.env system property was: null 
03:08:50.516 [main] INFO  com.intuit.karate - >> lock acquired, begin callSingle: classpath:helpers/CreateToken.feature
03:08:50.720 [main] DEBUG com.intuit.karate - request:
1 > POST https://conduit-api.bondaracademy.com/api/users/login
1 > Content-Type: application/json; charset=UTF-8
1 > Content-Length: 65
1 > Host: conduit-api.bondaracademy.com
1 > Connection: Keep-Alive
1 > User-Agent: Apache-HttpClient/4.5.14 (Java/17.0.12)
1 > Accept-Encoding: gzip,deflate
{"user":{"email":"pruebakarate@test.com","password":"karate123"}}

03:08:51.570 [main] DEBUG com.intuit.karate - response time in milliseconds: 848
1 < 200
1 < x-powered-by: Express
1 < vary: Origin
1 < content-type: application/json; charset=utf-8
1 < etag: W/"13e-Dr13Hd0oVWJSk7gz9XSQzB4yvrs"
1 < x-cloud-trace-context: 20ab09aef2b1e3c040a5d1d071d6f1d5;o=1
1 < date: Wed, 13 Aug 2025 08:08:51 GMT
1 < server: Google Frontend
1 < Content-Length: 318
{"user":{"email":"pruebakarate@test.com","username":"Alvariytomyg","bio":null,"image":"https://conduit-api.bondaracademy.com/images/smiley-cyrus.jpeg","token":"eyJhbGciOiJIUzI1NiIsInR5cCI6IkpXVCJ9.eyJ1c2VyIjp7ImlkIjoxMzE4Nn0sImlhdCI6MTc1NTA3MjUzMSwiZXhwIjoxNzYwMjU2NTMxfQ.BlFmvkmZ0PSHSKEY-oRtivsAJqiZtRAQylBbctG14cI"}}

03:08:51.574 [main] INFO  com.intuit.karate - << lock released, cached callSingle: classpath:helpers/CreateToken.feature
03:08:51.661 [main] DEBUG com.intuit.karate - request:
1 > POST https://conduit-api.bondaracademy.com/api/articles
1 > Authorization: Token eyJhbGciOiJIUzI1NiIsInR5cCI6IkpXVCJ9.eyJ1c2VyIjp7ImlkIjoxMzE4Nn0sImlhdCI6MTc1NTA3MjUzMSwiZXhwIjoxNzYwMjU2NTMxfQ.BlFmvkmZ0PSHSKEY-oRtivsAJqiZtRAQylBbctG14cI
1 > Content-Type: application/json; charset=UTF-8
1 > Content-Length: 131
1 > Host: conduit-api.bondaracademy.com
1 > Connection: Keep-Alive
1 > User-Agent: Apache-HttpClient/4.5.14 (Java/17.0.12)
1 > Accept-Encoding: gzip,deflate
{"article":{"title":"Jommo","description":"Ar Noy","body":"A lion doesn't concern itself with the opinion of sheep.","tagList":[]}}

03:08:52.448 [main] DEBUG com.intuit.karate - response time in milliseconds: 786
1 < 201
1 < x-powered-by: Express
1 < vary: Origin
1 < content-type: application/json; charset=utf-8
1 < etag: W/"196-t2rRUcTTh4QrcNKgHfoUzVJOp9E"
1 < x-cloud-trace-context: 37ad4080616e3edfba6e625c25efee9c
1 < date: Wed, 13 Aug 2025 08:08:52 GMT
1 < server: Google Frontend
1 < Content-Length: 406
{"article":{"slug":"Jommo-13186","title":"Jommo","description":"Ar Noy","body":"A lion doesn't concern itself with the opinion of sheep.","tagList":[],"createdAt":"2025-08-13T08:08:52.277Z","updatedAt":"2025-08-13T08:08:52.277Z","favorited":false,"favoritesCount":0,"author":{"username":"Alvariytomyg","bio":null,"image":"https://conduit-api.bondaracademy.com/images/smiley-cyrus.jpeg","following":false}}}

]]></system-out>
  </testcase>
  <testcase name="[2:20] Create and Delete article" classname="conduitApp/feature/Articles" time="3.69">
    <system-out><![CDATA[03:08:52.461 [main] INFO  com.intuit.karate - karate.env system property was: null 
03:08:52.484 [main] DEBUG com.intuit.karate - request:
1 > POST https://conduit-api.bondaracademy.com/api/articles
1 > Authorization: Token eyJhbGciOiJIUzI1NiIsInR5cCI6IkpXVCJ9.eyJ1c2VyIjp7ImlkIjoxMzE4Nn0sImlhdCI6MTc1NTA3MjUzMSwiZXhwIjoxNzYwMjU2NTMxfQ.BlFmvkmZ0PSHSKEY-oRtivsAJqiZtRAQylBbctG14cI
1 > Content-Type: application/json; charset=UTF-8
1 > Content-Length: 193
1 > Host: conduit-api.bondaracademy.com
1 > Connection: Keep-Alive
1 > User-Agent: Apache-HttpClient/4.5.14 (Java/17.0.12)
1 > Accept-Encoding: gzip,deflate
{"article":{"title":"Theo Wull","description":"Tyrosh","body":"Never forget who you are. The rest of the world won't. Wear it like an armor and it can never be used against you.","tagList":[]}}

03:08:53.278 [main] DEBUG com.intuit.karate - response time in milliseconds: 793
1 < 201
1 < x-powered-by: Express
1 < vary: Origin
1 < content-type: application/json; charset=utf-8
1 < etag: W/"1d8-UJr/KGqN9iGUoxSMXkgxp2PYyhg"
1 < x-cloud-trace-context: d14d96ecfd9551abb0e01f2e7456f915
1 < date: Wed, 13 Aug 2025 08:08:53 GMT
1 < server: Google Frontend
1 < Content-Length: 472
{"article":{"slug":"Theo-Wull-13186","title":"Theo Wull","description":"Tyrosh","body":"Never forget who you are. The rest of the world won't. Wear it like an armor and it can never be used against you.","tagList":[],"createdAt":"2025-08-13T08:08:53.100Z","updatedAt":"2025-08-13T08:08:53.100Z","favorited":false,"favoritesCount":0,"author":{"username":"Alvariytomyg","bio":null,"image":"https://conduit-api.bondaracademy.com/images/smiley-cyrus.jpeg","following":false}}}

03:08:53.284 [main] DEBUG com.intuit.karate - request:
2 > GET https://conduit-api.bondaracademy.com/api/articles?limt=10&offset=0
2 > Authorization: Token eyJhbGciOiJIUzI1NiIsInR5cCI6IkpXVCJ9.eyJ1c2VyIjp7ImlkIjoxMzE4Nn0sImlhdCI6MTc1NTA3MjUzMSwiZXhwIjoxNzYwMjU2NTMxfQ.BlFmvkmZ0PSHSKEY-oRtivsAJqiZtRAQylBbctG14cI
2 > Host: conduit-api.bondaracademy.com
2 > Connection: Keep-Alive
2 > User-Agent: Apache-HttpClient/4.5.14 (Java/17.0.12)
2 > Accept-Encoding: gzip,deflate


03:08:54.134 [main] DEBUG com.intuit.karate - response time in milliseconds: 848
2 < 200
2 < x-powered-by: Express
2 < vary: Origin
2 < content-type: application/json; charset=utf-8
2 < etag: W/"fb0-zYyguAaLRecPriXchEU1idHRgow"
2 < x-cloud-trace-context: 57cc9e9d5233c18452157fb83c953394
2 < date: Wed, 13 Aug 2025 08:08:54 GMT
2 < server: Google Frontend
2 < Content-Length: 4016
{"articles":[{"slug":"Theo-Wull-13186","title":"Theo Wull","description":"Tyrosh","body":"Never forget who you are. The rest of the world won't. Wear it like an armor and it can never be used against you.","tagList":[],"createdAt":"2025-08-13T08:08:53.100Z","updatedAt":"2025-08-13T08:08:53.100Z","favorited":false,"favoritesCount":0,"author":{"username":"Alvariytomyg","bio":null,"image":"https://conduit-api.bondaracademy.com/images/smiley-cyrus.jpeg","following":false}},{"slug":"Jommo-13186","title":"Jommo","description":"Ar Noy","body":"A lion doesn't concern itself with the opinion of sheep.","tagList":[],"createdAt":"2025-08-13T08:08:52.277Z","updatedAt":"2025-08-13T08:08:52.277Z","favorited":false,"favoritesCount":0,"author":{"username":"Alvariytomyg","bio":null,"image":"https://conduit-api.bondaracademy.com/images/smiley-cyrus.jpeg","following":false}},{"slug":"Rymolf-13186","title":"Rymolf","description":"Ar Noy","body":"Nothing burns like the cold.","tagList":[],"createdAt":"2025-08-13T08:08:30.309Z","updatedAt":"2025-08-13T08:08:30.309Z","favorited":false,"favoritesCount":0,"author":{"username":"Alvariytomyg","bio":null,"image":"https://conduit-api.bondaracademy.com/images/smiley-cyrus.jpeg","following":false}},{"slug":"Creando-Articulo83-13186","title":"Creando Articulo83","description":"es una prueba83","body":"practicando Karate83","tagList":[],"createdAt":"2025-08-13T07:59:02.601Z","updatedAt":"2025-08-13T07:59:02.601Z","favorited":false,"favoritesCount":0,"author":{"username":"Alvariytomyg","bio":null,"image":"https://conduit-api.bondaracademy.com/images/smiley-cyrus.jpeg","following":false}},{"slug":"Creando-Articulo82-13186","title":"Creando Articulo82","description":"es una prueba82","body":"practicando Karate82","tagList":[],"createdAt":"2025-08-13T07:58:46.019Z","updatedAt":"2025-08-13T07:58:46.019Z","favorited":false,"favoritesCount":0,"author":{"username":"Alvariytomyg","bio":null,"image":"https://conduit-api.bondaracademy.com/images/smiley-cyrus.jpeg","following":false}},{"slug":"Creando-Articulo81-13186","title":"Creando Articulo81","description":"es una prueba81","body":"practicando Karate81","tagList":[],"createdAt":"2025-08-13T07:56:49.242Z","updatedAt":"2025-08-13T07:56:49.242Z","favorited":false,"favoritesCount":0,"author":{"username":"Alvariytomyg","bio":null,"image":"https://conduit-api.bondaracademy.com/images/smiley-cyrus.jpeg","following":false}},{"slug":"Creando-Articulo80-13186","title":"Creando Articulo80","description":"es una prueba80","body":"practicando Karate80","tagList":[],"createdAt":"2025-08-13T07:55:49.010Z","updatedAt":"2025-08-13T07:55:49.010Z","favorited":false,"favoritesCount":0,"author":{"username":"Alvariytomyg","bio":null,"image":"https://conduit-api.bondaracademy.com/images/smiley-cyrus.jpeg","following":false}},{"slug":"Creando-Articulo14-13186","title":"Creando Articulo14","description":"es una prueba14","body":"practicando Karate14","tagList":[],"createdAt":"2025-08-13T07:43:46.793Z","updatedAt":"2025-08-13T07:43:46.793Z","favorited":false,"favoritesCount":0,"author":{"username":"Alvariytomyg","bio":null,"image":"https://conduit-api.bondaracademy.com/images/smiley-cyrus.jpeg","following":false}},{"slug":"Creando-Articulo13-13186","title":"Creando Articulo13","description":"es una prueba11","body":"practicando Karate11","tagList":[],"createdAt":"2025-08-13T02:43:35.040Z","updatedAt":"2025-08-13T02:43:35.040Z","favorited":false,"favoritesCount":0,"author":{"username":"Alvariytomyg","bio":null,"image":"https://conduit-api.bondaracademy.com/images/smiley-cyrus.jpeg","following":false}},{"slug":"Creando-Articulo12-13186","title":"Creando Articulo12","description":"es una prueba12","body":"practicando Karate12","tagList":[],"createdAt":"2025-08-13T02:02:35.692Z","updatedAt":"2025-08-13T02:02:35.692Z","favorited":false,"favoritesCount":0,"author":{"username":"Alvariytomyg","bio":null,"image":"https://conduit-api.bondaracademy.com/images/smiley-cyrus.jpeg","following":false}}],"articlesCount":24}

03:08:54.145 [main] DEBUG com.intuit.karate - request:
3 > DELETE https://conduit-api.bondaracademy.com/api/articles/Theo-Wull-13186
3 > Authorization: Token eyJhbGciOiJIUzI1NiIsInR5cCI6IkpXVCJ9.eyJ1c2VyIjp7ImlkIjoxMzE4Nn0sImlhdCI6MTc1NTA3MjUzMSwiZXhwIjoxNzYwMjU2NTMxfQ.BlFmvkmZ0PSHSKEY-oRtivsAJqiZtRAQylBbctG14cI
3 > Host: conduit-api.bondaracademy.com
3 > Connection: Keep-Alive
3 > User-Agent: Apache-HttpClient/4.5.14 (Java/17.0.12)
3 > Accept-Encoding: gzip,deflate


03:08:54.868 [main] DEBUG com.intuit.karate - response time in milliseconds: 723
3 < 204
3 < x-powered-by: Express
3 < vary: Origin
3 < etag: W/"a-bAsFyilMr4Ra1hIU5PyoyFRunpI"
3 < x-cloud-trace-context: 4a5bdfa01e8bda8c0b62e9e5e746e4b9
3 < date: Wed, 13 Aug 2025 08:08:54 GMT
3 < content-type: text/html
3 < server: Google Frontend


03:08:54.871 [main] DEBUG com.intuit.karate - request:
4 > GET https://conduit-api.bondaracademy.com/api/articles?limt=10&offset=0
4 > Authorization: Token eyJhbGciOiJIUzI1NiIsInR5cCI6IkpXVCJ9.eyJ1c2VyIjp7ImlkIjoxMzE4Nn0sImlhdCI6MTc1NTA3MjUzMSwiZXhwIjoxNzYwMjU2NTMxfQ.BlFmvkmZ0PSHSKEY-oRtivsAJqiZtRAQylBbctG14cI
4 > Host: conduit-api.bondaracademy.com
4 > Connection: Keep-Alive
4 > User-Agent: Apache-HttpClient/4.5.14 (Java/17.0.12)
4 > Accept-Encoding: gzip,deflate


03:08:55.832 [main] DEBUG com.intuit.karate - response time in milliseconds: 960
4 < 200
4 < x-powered-by: Express
4 < vary: Origin
4 < content-type: application/json; charset=utf-8
4 < etag: W/"f6b-WslcbX4oZ4i1zETs+cZSl4p1bsg"
4 < x-cloud-trace-context: 12cbe23a32206e0bfd0ce368b4db8eb3
4 < date: Wed, 13 Aug 2025 08:08:55 GMT
4 < server: Google Frontend
4 < Content-Length: 3947
{"articles":[{"slug":"Jommo-13186","title":"Jommo","description":"Ar Noy","body":"A lion doesn't concern itself with the opinion of sheep.","tagList":[],"createdAt":"2025-08-13T08:08:52.277Z","updatedAt":"2025-08-13T08:08:52.277Z","favorited":false,"favoritesCount":0,"author":{"username":"Alvariytomyg","bio":null,"image":"https://conduit-api.bondaracademy.com/images/smiley-cyrus.jpeg","following":false}},{"slug":"Rymolf-13186","title":"Rymolf","description":"Ar Noy","body":"Nothing burns like the cold.","tagList":[],"createdAt":"2025-08-13T08:08:30.309Z","updatedAt":"2025-08-13T08:08:30.309Z","favorited":false,"favoritesCount":0,"author":{"username":"Alvariytomyg","bio":null,"image":"https://conduit-api.bondaracademy.com/images/smiley-cyrus.jpeg","following":false}},{"slug":"Creando-Articulo83-13186","title":"Creando Articulo83","description":"es una prueba83","body":"practicando Karate83","tagList":[],"createdAt":"2025-08-13T07:59:02.601Z","updatedAt":"2025-08-13T07:59:02.601Z","favorited":false,"favoritesCount":0,"author":{"username":"Alvariytomyg","bio":null,"image":"https://conduit-api.bondaracademy.com/images/smiley-cyrus.jpeg","following":false}},{"slug":"Creando-Articulo82-13186","title":"Creando Articulo82","description":"es una prueba82","body":"practicando Karate82","tagList":[],"createdAt":"2025-08-13T07:58:46.019Z","updatedAt":"2025-08-13T07:58:46.019Z","favorited":false,"favoritesCount":0,"author":{"username":"Alvariytomyg","bio":null,"image":"https://conduit-api.bondaracademy.com/images/smiley-cyrus.jpeg","following":false}},{"slug":"Creando-Articulo81-13186","title":"Creando Articulo81","description":"es una prueba81","body":"practicando Karate81","tagList":[],"createdAt":"2025-08-13T07:56:49.242Z","updatedAt":"2025-08-13T07:56:49.242Z","favorited":false,"favoritesCount":0,"author":{"username":"Alvariytomyg","bio":null,"image":"https://conduit-api.bondaracademy.com/images/smiley-cyrus.jpeg","following":false}},{"slug":"Creando-Articulo80-13186","title":"Creando Articulo80","description":"es una prueba80","body":"practicando Karate80","tagList":[],"createdAt":"2025-08-13T07:55:49.010Z","updatedAt":"2025-08-13T07:55:49.010Z","favorited":false,"favoritesCount":0,"author":{"username":"Alvariytomyg","bio":null,"image":"https://conduit-api.bondaracademy.com/images/smiley-cyrus.jpeg","following":false}},{"slug":"Creando-Articulo14-13186","title":"Creando Articulo14","description":"es una prueba14","body":"practicando Karate14","tagList":[],"createdAt":"2025-08-13T07:43:46.793Z","updatedAt":"2025-08-13T07:43:46.793Z","favorited":false,"favoritesCount":0,"author":{"username":"Alvariytomyg","bio":null,"image":"https://conduit-api.bondaracademy.com/images/smiley-cyrus.jpeg","following":false}},{"slug":"Creando-Articulo13-13186","title":"Creando Articulo13","description":"es una prueba11","body":"practicando Karate11","tagList":[],"createdAt":"2025-08-13T02:43:35.040Z","updatedAt":"2025-08-13T02:43:35.040Z","favorited":false,"favoritesCount":0,"author":{"username":"Alvariytomyg","bio":null,"image":"https://conduit-api.bondaracademy.com/images/smiley-cyrus.jpeg","following":false}},{"slug":"Creando-Articulo12-13186","title":"Creando Articulo12","description":"es una prueba12","body":"practicando Karate12","tagList":[],"createdAt":"2025-08-13T02:02:35.692Z","updatedAt":"2025-08-13T02:02:35.692Z","favorited":false,"favoritesCount":0,"author":{"username":"Alvariytomyg","bio":null,"image":"https://conduit-api.bondaracademy.com/images/smiley-cyrus.jpeg","following":false}},{"slug":"Probando-Articulo9-13186","title":"Probando Articulo9","description":"es una prueba9","body":"practicando Karate9","tagList":[],"createdAt":"2025-06-25T21:57:45.735Z","updatedAt":"2025-06-25T21:57:45.735Z","favorited":false,"favoritesCount":0,"author":{"username":"Alvariytomyg","bio":null,"image":"https://conduit-api.bondaracademy.com/images/smiley-cyrus.jpeg","following":false}}],"articlesCount":23}

---------------------------------------------------------
feature: classpath:conduitApp/feature/Articles.feature
scenarios:  2 | passed:  2 | failed:  0 | time: 4.2457
---------------------------------------------------------

]]></system-out>
  </testcase>
</testsuite>