<?xml version="1.0" encoding="UTF-8"?>
<testsuite xmlns:xsi="http://www.w3.org/2001/XMLSchema-instance" xsi:noNamespaceSchemaLocation="https://maven.apache.org/surefire/maven-surefire-plugin/xsd/surefire-test-report-3.0.xsd" version="3.0" name="conduitApp.ConduitTest" time="5.305" tests="3" errors="0" skipped="0" failures="0">
  <properties>
[...]
</properties>
  <testcase name="[1:7] Get all tags" classname="conduitApp/feature/HomePage" time="2.009">
    <system-out><![CDATA[02:38:52.906 [main] INFO  com.intuit.karate.Runner - using system property 'karate.options': --tags @debug
02:38:53.113 [main] DEBUG com.intuit.karate.Suite - [config] classpath:karate-config.js
02:38:53.638 [main] INFO  com.intuit.karate - karate.env system property was: null 
02:38:53.641 [main] INFO  com.intuit.karate - >> lock acquired, begin callSingle: classpath:helpers/CreateToken.feature
02:38:53.833 [main] DEBUG com.intuit.karate - request:
1 > POST https://conduit-api.bondaracademy.com/api/users/login
1 > Content-Type: application/json; charset=UTF-8
1 > Content-Length: 65
1 > Host: conduit-api.bondaracademy.com
1 > Connection: Keep-Alive
1 > User-Agent: Apache-HttpClient/4.5.14 (Java/17.0.12)
1 > Accept-Encoding: gzip,deflate
{"user":{"email":"pruebakarate@test.com","password":"karate123"}}

02:38:54.754 [main] DEBUG com.intuit.karate - response time in milliseconds: 917
1 < 200
1 < x-powered-by: Express
1 < vary: Origin
1 < content-type: application/json; charset=utf-8
1 < etag: W/"13e-0t96Gu2yhGy389Bdm1co6koypcw"
1 < x-cloud-trace-context: 343ff2a217e70646a9895a68fabddcf9;o=1
1 < date: Wed, 13 Aug 2025 07:38:54 GMT
1 < server: Google Frontend
1 < Content-Length: 318
{"user":{"email":"pruebakarate@test.com","username":"Alvariytomyg","bio":null,"image":"https://conduit-api.bondaracademy.com/images/smiley-cyrus.jpeg","token":"eyJhbGciOiJIUzI1NiIsInR5cCI6IkpXVCJ9.eyJ1c2VyIjp7ImlkIjoxMzE4Nn0sImlhdCI6MTc1NTA3MDczNCwiZXhwIjoxNzYwMjU0NzM0fQ.ITxSzz8Rmmcf804N91nFpstGnA-vaPVHZWTsdkguU1U"}}

02:38:54.760 [main] INFO  com.intuit.karate - << lock released, cached callSingle: classpath:helpers/CreateToken.feature
02:38:54.765 [main] DEBUG com.intuit.karate - request:
1 > GET https://conduit-api.bondaracademy.com/api/tags
1 > Authorization: Token eyJhbGciOiJIUzI1NiIsInR5cCI6IkpXVCJ9.eyJ1c2VyIjp7ImlkIjoxMzE4Nn0sImlhdCI6MTc1NTA3MDczNCwiZXhwIjoxNzYwMjU0NzM0fQ.ITxSzz8Rmmcf804N91nFpstGnA-vaPVHZWTsdkguU1U
1 > Host: conduit-api.bondaracademy.com
1 > Connection: Keep-Alive
1 > User-Agent: Apache-HttpClient/4.5.14 (Java/17.0.12)
1 > Accept-Encoding: gzip,deflate


02:38:55.592 [main] DEBUG com.intuit.karate - response time in milliseconds: 826
1 < 200
1 < x-powered-by: Express
1 < vary: Origin
1 < content-type: application/json; charset=utf-8
1 < etag: W/"65-XAqp9RO5/GurIdusYmbGg8NPW48"
1 < x-cloud-trace-context: 6156379c5fd628a6c37f790c682c1f80
1 < date: Wed, 13 Aug 2025 07:38:55 GMT
1 < server: Google Frontend
1 < Content-Length: 101
{"tags":["Test","Git","YouTube","Zoom","Blog","Bondar Academy","Enroll","Exam","Community","GitHub"]}

]]></system-out>
  </testcase>
  <testcase name="[2:19] Get 10 articles from the page" classname="conduitApp/feature/HomePage" time="1.231">
    <system-out><![CDATA[02:38:55.616 [main] INFO  com.intuit.karate - karate.env system property was: null 
02:38:55.626 [main] DEBUG com.intuit.karate - request:
1 > GET https://conduit-api.bondaracademy.com/api/articles?limt=10&offset=0
1 > Authorization: Token eyJhbGciOiJIUzI1NiIsInR5cCI6IkpXVCJ9.eyJ1c2VyIjp7ImlkIjoxMzE4Nn0sImlhdCI6MTc1NTA3MDczNCwiZXhwIjoxNzYwMjU0NzM0fQ.ITxSzz8Rmmcf804N91nFpstGnA-vaPVHZWTsdkguU1U
1 > Host: conduit-api.bondaracademy.com
1 > Connection: Keep-Alive
1 > User-Agent: Apache-HttpClient/4.5.14 (Java/17.0.12)
1 > Accept-Encoding: gzip,deflate


02:38:56.495 [main] DEBUG com.intuit.karate - response time in milliseconds: 865
1 < 200
1 < x-powered-by: Express
1 < vary: Origin
1 < content-type: application/json; charset=utf-8
1 < etag: W/"28e1-8lgXoYOslxN9R6eEWs0gkt9L6LQ"
1 < x-cloud-trace-context: f11f8a8c2a2ded93aff5b76963f31016
1 < date: Wed, 13 Aug 2025 07:38:56 GMT
1 < server: Google Frontend
1 < Content-Length: 10465
{"articles":[{"slug":"Creando-Articulo13-13186","title":"Creando Articulo13","description":"es una prueba11","body":"practicando Karate11","tagList":[],"createdAt":"2025-08-13T02:43:35.040Z","updatedAt":"2025-08-13T02:43:35.040Z","favorited":false,"favoritesCount":0,"author":{"username":"Alvariytomyg","bio":null,"image":"https://conduit-api.bondaracademy.com/images/smiley-cyrus.jpeg","following":false}},{"slug":"Creando-Articulo12-13186","title":"Creando Articulo12","description":"es una prueba12","body":"practicando Karate12","tagList":[],"createdAt":"2025-08-13T02:02:35.692Z","updatedAt":"2025-08-13T02:02:35.692Z","favorited":false,"favoritesCount":0,"author":{"username":"Alvariytomyg","bio":null,"image":"https://conduit-api.bondaracademy.com/images/smiley-cyrus.jpeg","following":false}},{"slug":"Probando-Articulo9-13186","title":"Probando Articulo9","description":"es una prueba9","body":"practicando Karate9","tagList":[],"createdAt":"2025-06-25T21:57:45.735Z","updatedAt":"2025-06-25T21:57:45.735Z","favorited":false,"favoritesCount":0,"author":{"username":"Alvariytomyg","bio":null,"image":"https://conduit-api.bondaracademy.com/images/smiley-cyrus.jpeg","following":false}},{"slug":"Probando-Articulo8-13186","title":"Probando Articulo8","description":"es una prueba8","body":"practicando Karate8","tagList":[],"createdAt":"2025-05-26T01:08:04.570Z","updatedAt":"2025-05-26T01:08:04.570Z","favorited":false,"favoritesCount":0,"author":{"username":"Alvariytomyg","bio":null,"image":"https://conduit-api.bondaracademy.com/images/smiley-cyrus.jpeg","following":false}},{"slug":"Probando-Articulo7-13186","title":"Probando Articulo7","description":"es una prueba7","body":"practicando Karate6","tagList":[],"createdAt":"2025-05-26T00:30:47.752Z","updatedAt":"2025-05-26T00:30:47.752Z","favorited":false,"favoritesCount":0,"author":{"username":"Alvariytomyg","bio":null,"image":"https://conduit-api.bondaracademy.com/images/smiley-cyrus.jpeg","following":false}},{"slug":"Probando-Articulo6-13186","title":"Probando Articulo6","description":"es una prueba6","body":"practicando Karate6","tagList":[],"createdAt":"2025-05-26T00:27:03.581Z","updatedAt":"2025-05-26T00:27:03.581Z","favorited":false,"favoritesCount":0,"author":{"username":"Alvariytomyg","bio":null,"image":"https://conduit-api.bondaracademy.com/images/smiley-cyrus.jpeg","following":false}},{"slug":"Discover-Bondar-Academy:-Your-Gateway-to-Efficient-Learning-1","title":"Discover Bondar Academy: Your Gateway to Efficient Learning","description":"Discover Bondar Academy's unique place in the educational landscape, where value-focused and efficient learning approaches converge. Our goal is to rapidly enhance your professional technical skills, boosting your market competitiveness and paving the way for higher-paying job opportunities. The speed of your progress is in your hands – you set the pace, and we provide the solutions and support to help you achieve your desired outcomes.","body":"Bondar Academy is a leading platform for efficient education, designed to boost your technical skills and advance your career in Quality Assurance (QA). Our program features a balanced mix of pre-recorded lectures and live sessions, allowing each student to study at their own pace and at a time that suits them. \n\nOur instructors are readily available on our Slack Workspace for support. Whether it's a quick question or a more complex issue requiring a Zoom call or Slack Huddle for screen sharing and live discussion, we're here to assist. Additionally, each class comes with a comprehensive question bank for self-assessment. Following each lecture, you have the opportunity to validate your understanding and readiness to progress to the next topic. You set the pace, and we provide the solutions to ensure you achieve your desired outcomes.\n\nSignUp today: https://www.bondaracademy.com","tagList":["qa career","Bondar Academy","QA Skills","Value-Focused"],"createdAt":"2024-01-27T21:52:32.682Z","updatedAt":"2024-01-27T21:52:32.682Z","favorited":false,"favoritesCount":732,"author":{"username":"Artem Bondar","bio":null,"image":"https://storage.googleapis.com/bondar-academy-visuals/Android.png","following":false}},{"slug":"The-value-of-pre-recorded-video-classes.-The-most-efficient-approach-to-tranfer-the-knowledge-1","title":"The value of pre-recorded video classes. The most efficient approach to tranfer the knowledge","description":"As educational practices evolve, video tutorials have emerged as the most efficient method for imparting theoretical knowledge. At Bondar Academy, we prioritize expertly structured and crafted video tutorials, ensuring you learn quickly and effectively and advance your skills.","body":"At Bondar Academy, we prioritize the value of your time and the efficiency of your education, distinguishing our approach from traditional colleges and live boot camps. Forget long, tedious live lectures on a fixed schedule. With us, you learn at your convenience and pace through optimized, structured video lectures. \n\nWe understand your goal is rapid knowledge acquisition. Our pre-recorded and well-organized lectures are designed precisely for this, ensuring no slowdowns from group dynamics or unrelated instructor anecdotes. \n\nDive straight into the subject matter, learn efficiently, and if questions arise, our immediate support on the Slack Workspace is there to streamline your learning process and swiftly remove any roadblocks.","tagList":["Bondar Academy","Video Lectures","Tutorials"],"createdAt":"2024-01-27T21:50:38.825Z","updatedAt":"2024-01-27T21:50:38.825Z","favorited":false,"favoritesCount":258,"author":{"username":"Artem Bondar","bio":null,"image":"https://storage.googleapis.com/bondar-academy-visuals/Android.png","following":false}},{"slug":"Mastering-Knowledge-with-Self-Assessments:-Identifying-and-Bridging-Learning-Gaps-in-Education-1","title":"Mastering Knowledge with Self-Assessments: Identifying and Bridging Learning Gaps in Education","description":"Self-assessment is an essential tool for gauging your understanding of lecture material. It answers critical questions: Have you grasped everything correctly? Is there anything you've missed? Are you prepared for the next lesson? These assessments ensure that you build a solid foundation of knowledge, confidently and efficiently paving the way for swift progress and effective learning outcomes.","body":"Traditional educational institutions, such as colleges and universities, commonly use tests and assessments to measure knowledge. This approach is effective for gauging student performance, but it's not without drawbacks. In these settings, assessments after every lecture aren't feasible due to the time required for teachers to evaluate them. This often leads to students having a false sense of understanding, believing they've comprehended all aspects of a lecture when, in reality, small but crucial details might be missed. These 'knowledge gaps' can accumulate, making more complex topics difficult to grasp later on.\n\nAt Bondar Academy, we address this challenge by implementing self-assessments after every lecture. These are designed to cover key questions that ensure a thorough understanding of the material, essential for comfort and success in future lectures. The number of questions varies, ranging from 3-4 to 15-20, depending on the lecture's significance and the volume of critical information. With these self-assessments, students receive immediate feedback, helping them determine if they've fully understood the lecture or if they need to revisit certain parts or seek assistance from our instructors in the Slack Workspace.","tagList":["Self-Assessment","Test","Exam"],"createdAt":"2024-01-27T21:48:36.340Z","updatedAt":"2024-01-27T21:48:36.340Z","favorited":false,"favoritesCount":67,"author":{"username":"Artem Bondar","bio":null,"image":"https://storage.googleapis.com/bondar-academy-visuals/Android.png","following":false}},{"slug":"Practical-Implementation-of-Skills:-Homework-Assignments-with-Instructor-Supervision-1","title":"Practical Implementation of Skills: Homework Assignments with Instructor Supervision","description":"Knowledge or skills not reinforced through practical exercises can quickly fade, often faster than anticipated. Homework, particularly in tasks like writing your own code, is crucial for honing these skills and cementing your understanding. At Bondar Academy, we ensure this vital step by assigning homework, rigorously evaluating the outcomes, and providing valuable feedback to guide your learning journey.","body":"Homework assignments are a fundamental component of the educational methodology at Bondar Academy, especially in technical education where learning a new programming language or framework is involved. The key to mastering these skills lies in writing code; the more you write, the better you become. However, merely replicating code seen in lectures leads to minimal learning. Often, this approach leaves students unclear about why their code works the way it does, as they focus on copying rather than understanding.\n\nA homework assignment at Bondar Academy starts with a blank page, challenging students to apply all their knowledge to write the first line of code. This process is more demanding than it appears. As you write each line, understanding and reasoning grow, making your code meaningful and comprehensible. You learn to write code that makes sense to you, enhancing your understanding.\n\nIn completing these assignments, you engage the 'thinking' part of your brain, transforming theoretical knowledge into practical skills. Recognizing the crucial role of homework in learning, our instructors at Bondar Academy are always available to assist with any challenges. Just reach out on Slack, and you'll receive the guidance and support needed for successful completion. At Bondar Academy, we fully understand the importance of homework assignments for the best outcome, so our instructors are always here to assist if you have any difficulties with completing them. Just ask in Slack and you'll be guided and assisted.","tagList":["Homework","Assignments","Practice","Coding"],"createdAt":"2024-01-27T21:46:09.512Z","updatedAt":"2024-01-27T21:46:09.512Z","favorited":false,"favoritesCount":37,"author":{"username":"Artem Bondar","bio":null,"image":"https://storage.googleapis.com/bondar-academy-visuals/Android.png","following":false}}],"articlesCount":16}

---------------------------------------------------------
feature: classpath:conduitApp/feature/HomePage.feature
scenarios:  2 | passed:  2 | failed:  0 | time: 1.7649
---------------------------------------------------------

]]></system-out>
  </testcase>
  <testcase name="[1:8] New user Sign Up" classname="conduitApp/feature/SignUp" time="0.987">
    <system-out><![CDATA[02:38:56.849 [main] INFO  com.intuit.karate - karate.env system property was: null 
02:38:57.004 [main] DEBUG com.intuit.karate - request:
1 > POST https://conduit-api.bondaracademy.com/api/users
1 > Authorization: Token eyJhbGciOiJIUzI1NiIsInR5cCI6IkpXVCJ9.eyJ1c2VyIjp7ImlkIjoxMzE4Nn0sImlhdCI6MTc1NTA3MDczNCwiZXhwIjoxNzYwMjU0NzM0fQ.ITxSzz8Rmmcf804N91nFpstGnA-vaPVHZWTsdkguU1U
1 > Content-Type: application/json; charset=UTF-8
1 > Content-Length: 83
1 > Host: conduit-api.bondaracademy.com
1 > Connection: Keep-Alive
1 > User-Agent: Apache-HttpClient/4.5.14 (Java/17.0.12)
1 > Accept-Encoding: gzip,deflate
{"user":{"email":"moira11@test.com","password":"12345alv","username":"jonas.feil"}}

02:38:57.795 [main] DEBUG com.intuit.karate - response time in milliseconds: 790
1 < 201
1 < x-powered-by: Express
1 < vary: Origin
1 < content-type: application/json; charset=utf-8
1 < etag: W/"142-NiDj0wQ8KmrvRrfFCQaGRIDjKNM"
1 < x-cloud-trace-context: 92aafebf35a8ec8e8e8ef063713d3109
1 < date: Wed, 13 Aug 2025 07:38:57 GMT
1 < server: Google Frontend
1 < Content-Length: 322
{"user":{"id":31832,"email":"moira11@test.com","username":"jonas.feil","bio":null,"image":"https://conduit-api.bondaracademy.com/images/smiley-cyrus.jpeg","token":"eyJhbGciOiJIUzI1NiIsInR5cCI6IkpXVCJ9.eyJ1c2VyIjp7ImlkIjozMTgzMn0sImlhdCI6MTc1NTA3MDczNywiZXhwIjoxNzYwMjU0NzM3fQ.JXBynF-qIUSFdMbettOGSuOGDePBX_l7PfWDANDU6wc"}}

---------------------------------------------------------
feature: classpath:conduitApp/feature/SignUp.feature
scenarios:  1 | passed:  1 | failed:  0 | time: 0.9469
---------------------------------------------------------

]]></system-out>
  </testcase>
</testsuite>